-------------------------------------------------------------------------------
Test set: tasks.model.MockitoArrayTaskListTest
-------------------------------------------------------------------------------
Tests run: 2, Failures: 1, Errors: 0, Skipped: 0, Time elapsed: 0.479 s <<< FAILURE! - in tasks.model.MockitoArrayTaskListTest
testEquals  Time elapsed: 0 s  <<< FAILURE!
java.lang.AssertionError
	at tasks.model.MockitoArrayTaskListTest.testEquals(MockitoArrayTaskListTest.java:42)

